e:\anycubic\anycubic\probation\project\src\autoupdater\debug\vc140.pdb
e:\anycubic\anycubic\probation\project\src\autoupdater\debug\qrc_qt_language.obj
e:\anycubic\anycubic\probation\project\src\autoupdater\debug\qrc_icon.obj
e:\anycubic\anycubic\probation\project\src\autoupdater\debug\moc_updatelog.obj
e:\anycubic\anycubic\probation\project\src\autoupdater\debug\moc_ftpmanager.obj
e:\anycubic\anycubic\probation\project\src\autoupdater\debug\moc_autoupdaterui.obj
e:\anycubic\anycubic\probation\project\src\autoupdater\debug\moc_autoupdater.obj
e:\anycubic\anycubic\probation\project\src\autoupdater\debug\xmlparser.obj
e:\anycubic\anycubic\probation\project\src\autoupdater\debug\updatelog.obj
e:\anycubic\anycubic\probation\project\src\autoupdater\debug\main.obj
e:\anycubic\anycubic\probation\project\src\autoupdater\debug\ftpmanager.obj
e:\anycubic\anycubic\probation\project\src\autoupdater\debug\filemanager.obj
e:\anycubic\anycubic\probation\project\src\autoupdater\debug\autoupdaterui.obj
e:\anycubic\anycubic\probation\project\src\autoupdater\debug\autoupdater.obj
e:\anycubic\anycubic\probation\project\src\autoupdater\debug\moc_autoupdater.cpp
e:\anycubic\anycubic\probation\project\src\autoupdater\debug\moc_autoupdaterui.cpp
e:\anycubic\anycubic\probation\project\src\autoupdater\debug\moc_ftpmanager.cpp
e:\anycubic\anycubic\probation\project\src\autoupdater\debug\moc_updatelog.cpp
e:\anycubic\anycubic\probation\project\src\autoupdater\debug\moc_predefs.h
e:\anycubic\anycubic\probation\project\src\autoupdater\ui_mainwindow.h
e:\anycubic\anycubic\probation\project\src\autoupdater\debug\qrc_icon.cpp
e:\anycubic\anycubic\probation\project\src\autoupdater\debug\qrc_qt_language.cpp
e:\anycubic\anycubic\probation\project\src\autoupdater\debug\autoupdater.ilk
e:\anycubic\anycubic\probation\project\src\autoupdater\debug\autoupdater.exe
e:\anycubic\anycubic\probation\project\src\autoupdater\debug\autoupdater.pdb
e:\anycubic\anycubic\probation\project\src\autoupdater\debug\updater.xml
e:\anycubic\anycubic\probation\project\src\autoupdater\debug\autoupdater.tlog\cl.command.1.tlog
e:\anycubic\anycubic\probation\project\src\autoupdater\debug\autoupdater.tlog\cl.read.1.tlog
e:\anycubic\anycubic\probation\project\src\autoupdater\debug\autoupdater.tlog\cl.write.1.tlog
e:\anycubic\anycubic\probation\project\src\autoupdater\debug\autoupdater.tlog\custombuild.command.1.tlog
e:\anycubic\anycubic\probation\project\src\autoupdater\debug\autoupdater.tlog\custombuild.read.1.tlog
e:\anycubic\anycubic\probation\project\src\autoupdater\debug\autoupdater.tlog\custombuild.write.1.tlog
e:\anycubic\anycubic\probation\project\src\autoupdater\debug\autoupdater.tlog\link.command.1.tlog
e:\anycubic\anycubic\probation\project\src\autoupdater\debug\autoupdater.tlog\link.read.1.tlog
e:\anycubic\anycubic\probation\project\src\autoupdater\debug\autoupdater.tlog\link.write.1.tlog
