[2021.06.04 11:20:24.796][autoupdaterui.cpp: 643][INFO]: Language is chinese
[2021.06.04 11:20:25.622][autoupdater.cpp: 94][INFO]: Exec delete old path script: E:/anycubic/anycubic_project/updater/src/AutoUpdater/debug/del_old_path.bat
[2021.06.04 11:20:25.644][ftpmanager.cpp: 35][INFO]: Start downloadPath file: /version/updater.xml
[2021.06.04 11:20:25.644][ftpmanager.cpp: 36][INFO]: localPath path: E:/anycubic/anycubic_project/updater/src/AutoUpdater/debug/download/updater.xml
[2021.06.04 11:20:25.644][ftpmanager.cpp: 47][INFO]: Download time out is : 10
[2021.06.04 11:20:25.702][ftpmanager.cpp: 88][INFO]: Finish download : E:/anycubic/anycubic_project/updater/src/AutoUpdater/debug/download/updater.xml, file lenght = 4125
[2021.06.04 11:20:25.702][ftpmanager.cpp: 95][INFO]: Finish download updater.xml file!
[2021.06.04 11:20:25.703][ftpmanager.cpp: 35][INFO]: Start downloadPath file: /version/versionInfoCh.txt
[2021.06.04 11:20:25.703][ftpmanager.cpp: 36][INFO]: localPath path: E:/anycubic/anycubic_project/updater/src/AutoUpdater/debug/download/versionInfoCh.txt
[2021.06.04 11:20:25.703][ftpmanager.cpp: 47][INFO]: Download time out is : 10
[2021.06.04 11:20:25.723][ftpmanager.cpp: 88][INFO]: Finish download : E:/anycubic/anycubic_project/updater/src/AutoUpdater/debug/download/versionInfoCh.txt, file lenght = 485
[2021.06.04 11:20:25.723][ftpmanager.cpp: 101][INFO]: Finish download versionInfoCh.txt file!
[2021.06.04 11:20:25.724][ftpmanager.cpp: 35][INFO]: Start downloadPath file: /version/versionInfoEn.txt
[2021.06.04 11:20:25.724][ftpmanager.cpp: 36][INFO]: localPath path: E:/anycubic/anycubic_project/updater/src/AutoUpdater/debug/download/versionInfoEn.txt
[2021.06.04 11:20:25.724][ftpmanager.cpp: 47][INFO]: Download time out is : 10
[2021.06.04 11:20:25.741][ftpmanager.cpp: 88][INFO]: Finish download : E:/anycubic/anycubic_project/updater/src/AutoUpdater/debug/download/versionInfoEn.txt, file lenght = 238
[2021.06.04 11:20:25.741][ftpmanager.cpp: 107][INFO]: Finish download versionInfoEn.txt file!
[2021.06.04 11:20:25.741][autoupdaterui.cpp: 479][INFO]: It is success that download updater.xml, versionInfoCh.txt and versionInfoEn.txt
[2021.06.04 11:20:25.741][autoupdater.cpp: 176][INFO]: Local xml: E:/anycubic/anycubic_project/updater/src/AutoUpdater/debug/updater.xml
[2021.06.04 11:20:25.742][autoupdater.cpp: 177][INFO]: Download xml: E:/anycubic/anycubic_project/updater/src/AutoUpdater/debug/download/updater.xml
[2021.06.04 11:20:25.742][autoupdater.cpp: 182][INFO]: Local xml is lost, make local xml file on init.
[2021.06.04 11:20:25.742][autoupdater.cpp: 254][INFO]: Local init xml file content: <?xml version="1.0" encoding="utf-8"?>
<autoupdate>
    <version>V0.0</version>
    <filelist>
    </filelist>
</autoupdate>
[2021.06.04 11:20:25.745][autoupdater.cpp: 214][INFO]: Old version path: E:/anycubic/anycubic_project/updater/src/AutoUpdater/debug
[2021.06.04 11:20:25.745][autoupdater.cpp: 217][INFO]: Old version: V0.0, New version V3.0
[2021.06.04 11:20:25.745][autoupdater.cpp: 226][INFO]: Server version is updater, need to update!
[2021.06.04 11:20:25.746][autoupdaterui.cpp: 337][INFO]: Update UI
[2021.06.04 11:20:25.749][autoupdater.cpp: 295][INFO]: Load: AutoUpdater.exe file, and directory is: ./
[2021.06.04 11:20:25.749][autoupdater.cpp: 295][INFO]: Load: AutoUpdateTest.exe file, and directory is: ./
[2021.06.04 11:20:25.749][autoupdater.cpp: 295][INFO]: Load: D3Dcompiler_47.dll file, and directory is: ./
[2021.06.04 11:20:25.750][autoupdater.cpp: 295][INFO]: Load: libEGL.dll file, and directory is: ./
[2021.06.04 11:20:25.750][autoupdater.cpp: 295][INFO]: Load: libGLESV2.dll file, and directory is: ./
[2021.06.04 11:20:25.750][autoupdater.cpp: 295][INFO]: Load: opengl32sw.dll file, and directory is: ./
[2021.06.04 11:20:25.750][autoupdater.cpp: 295][INFO]: Load: Qt5Core.dll file, and directory is: ./
[2021.06.04 11:20:25.750][autoupdater.cpp: 295][INFO]: Load: Qt5Gui.dll file, and directory is: ./
[2021.06.04 11:20:25.751][autoupdater.cpp: 295][INFO]: Load: Qt5Network.dll file, and directory is: ./
[2021.06.04 11:20:25.751][autoupdater.cpp: 295][INFO]: Load: Qt5Svg.dll file, and directory is: ./
[2021.06.04 11:20:25.751][autoupdater.cpp: 295][INFO]: Load: Qt5Widgets.dll file, and directory is: ./
[2021.06.04 11:20:25.751][autoupdater.cpp: 295][INFO]: Load: Qt5Xml.dll file, and directory is: ./
[2021.06.04 11:20:25.751][autoupdater.cpp: 295][INFO]: Load: updater.xml file, and directory is: ./
[2021.06.04 11:20:25.752][autoupdater.cpp: 295][INFO]: Load: versionInfoCh.txt file, and directory is: ./
[2021.06.04 11:20:25.752][autoupdater.cpp: 295][INFO]: Load: versionInfoEn.txt file, and directory is: ./
[2021.06.04 11:20:25.752][autoupdater.cpp: 295][INFO]: Load: qgenericbearer.dll file, and directory is: /bearer
[2021.06.04 11:20:25.752][autoupdater.cpp: 295][INFO]: Load: qsvgicon.dll file, and directory is: /iconengines
[2021.06.04 11:20:25.752][autoupdater.cpp: 295][INFO]: Load: qgif.dll file, and directory is: /imageformats
[2021.06.04 11:20:25.753][autoupdater.cpp: 295][INFO]: Load: qicns.dll file, and directory is: /imageformats
[2021.06.04 11:20:25.753][autoupdater.cpp: 295][INFO]: Load: qico.dll file, and directory is: /imageformats
[2021.06.04 11:20:25.753][autoupdater.cpp: 295][INFO]: Load: qjpeg.dll file, and directory is: /imageformats
[2021.06.04 11:20:25.753][autoupdater.cpp: 295][INFO]: Load: qsvg.dll file, and directory is: /imageformats
[2021.06.04 11:20:25.753][autoupdater.cpp: 295][INFO]: Load: qtga.dll file, and directory is: /imageformats
[2021.06.04 11:20:25.754][autoupdater.cpp: 295][INFO]: Load: qtiff.dll file, and directory is: /imageformats
[2021.06.04 11:20:25.754][autoupdater.cpp: 295][INFO]: Load: qwbmp.dll file, and directory is: /imageformats
[2021.06.04 11:20:25.754][autoupdater.cpp: 295][INFO]: Load: qwebp.dll file, and directory is: /imageformats
[2021.06.04 11:20:25.754][autoupdater.cpp: 295][INFO]: Load: qwindows.dll file, and directory is: /platforms
[2021.06.04 11:20:25.754][autoupdater.cpp: 295][INFO]: Load: qwindowsvistastyle.dll file, and directory is: /styles
[2021.06.04 11:20:25.754][autoupdater.cpp: 295][INFO]: Load: qt_ar.qm file, and directory is: /translations
[2021.06.04 11:20:25.755][autoupdater.cpp: 295][INFO]: Load: qt_bg.qm file, and directory is: /translations
[2021.06.04 11:20:25.755][autoupdater.cpp: 295][INFO]: Load: qt_ca.qm file, and directory is: /translations
[2021.06.04 11:20:25.755][autoupdater.cpp: 295][INFO]: Load: qt_cs.qm file, and directory is: /translations
[2021.06.04 11:20:25.755][autoupdater.cpp: 295][INFO]: Load: qt_da.qm file, and directory is: /translations
[2021.06.04 11:20:25.755][autoupdater.cpp: 295][INFO]: Load: qt_de.qm file, and directory is: /translations
[2021.06.04 11:20:25.756][autoupdater.cpp: 295][INFO]: Load: qt_es.qm file, and directory is: /translations
[2021.06.04 11:20:25.756][autoupdater.cpp: 295][INFO]: Load: qt_fi.qm file, and directory is: /translations
[2021.06.04 11:20:25.757][autoupdater.cpp: 295][INFO]: Load: qt_fr.qm file, and directory is: /translations
[2021.06.04 11:20:25.757][autoupdater.cpp: 295][INFO]: Load: qt_gd.qm file, and directory is: /translations
[2021.06.04 11:20:25.757][autoupdater.cpp: 295][INFO]: Load: qt_he.qm file, and directory is: /translations
[2021.06.04 11:20:25.757][autoupdater.cpp: 295][INFO]: Load: qt_hu.qm file, and directory is: /translations
[2021.06.04 11:20:25.757][autoupdater.cpp: 295][INFO]: Load: qt_it.qm file, and directory is: /translations
[2021.06.04 11:20:25.757][autoupdater.cpp: 295][INFO]: Load: qt_ja.qm file, and directory is: /translations
[2021.06.04 11:20:25.758][autoupdater.cpp: 295][INFO]: Load: qt_ko.qm file, and directory is: /translations
[2021.06.04 11:20:25.758][autoupdater.cpp: 295][INFO]: Load: qt_lv.qm file, and directory is: /translations
[2021.06.04 11:20:25.758][autoupdater.cpp: 295][INFO]: Load: qt_pl.qm file, and directory is: /translations
[2021.06.04 11:20:25.758][autoupdater.cpp: 295][INFO]: Load: qt_ru.qm file, and directory is: /translations
[2021.06.04 11:20:25.758][autoupdater.cpp: 295][INFO]: Load: qt_sk.qm file, and directory is: /translations
[2021.06.04 11:20:25.759][autoupdater.cpp: 295][INFO]: Load: qt_uk.qm file, and directory is: /translations
[2021.06.04 11:20:25.759][autoupdater.cpp: 302][INFO]: Load update files over.
[2021.06.04 11:20:25.778][autoresize.cpp: 40][INFO]: HorRatio = 1, VerRatio = 1, FontRatio = 1
[2021.06.04 11:20:32.939][autoupdaterui.cpp: 643][INFO]: Language is chinese
[2021.06.04 11:20:33.777][autoresize.cpp: 40][INFO]: HorRatio = 1, VerRatio = 1, FontRatio = 1
[2021.06.04 11:20:33.870][autoupdater.cpp: 94][INFO]: Exec delete old path script: E:/anycubic/anycubic_project/updater/src/AutoUpdater/debug/del_old_path.bat
[2021.06.04 11:20:33.890][ftpmanager.cpp: 35][INFO]: Start downloadPath file: /version/updater.xml
[2021.06.04 11:20:33.890][ftpmanager.cpp: 36][INFO]: localPath path: E:/anycubic/anycubic_project/updater/src/AutoUpdater/debug/download/updater.xml
[2021.06.04 11:20:33.890][ftpmanager.cpp: 47][INFO]: Download time out is : 10
[2021.06.04 11:20:34.233][ftpmanager.cpp: 88][INFO]: Finish download : E:/anycubic/anycubic_project/updater/src/AutoUpdater/debug/download/updater.xml, file lenght = 4125
[2021.06.04 11:20:34.234][ftpmanager.cpp: 95][INFO]: Finish download updater.xml file!
[2021.06.04 11:20:34.234][ftpmanager.cpp: 35][INFO]: Start downloadPath file: /version/versionInfoCh.txt
[2021.06.04 11:20:34.234][ftpmanager.cpp: 36][INFO]: localPath path: E:/anycubic/anycubic_project/updater/src/AutoUpdater/debug/download/versionInfoCh.txt
[2021.06.04 11:20:34.234][ftpmanager.cpp: 47][INFO]: Download time out is : 10
[2021.06.04 11:20:34.256][ftpmanager.cpp: 88][INFO]: Finish download : E:/anycubic/anycubic_project/updater/src/AutoUpdater/debug/download/versionInfoCh.txt, file lenght = 485
[2021.06.04 11:20:34.256][ftpmanager.cpp: 101][INFO]: Finish download versionInfoCh.txt file!
[2021.06.04 11:20:34.257][ftpmanager.cpp: 35][INFO]: Start downloadPath file: /version/versionInfoEn.txt
[2021.06.04 11:20:34.257][ftpmanager.cpp: 36][INFO]: localPath path: E:/anycubic/anycubic_project/updater/src/AutoUpdater/debug/download/versionInfoEn.txt
[2021.06.04 11:20:34.257][ftpmanager.cpp: 47][INFO]: Download time out is : 10
[2021.06.04 11:20:34.276][ftpmanager.cpp: 88][INFO]: Finish download : E:/anycubic/anycubic_project/updater/src/AutoUpdater/debug/download/versionInfoEn.txt, file lenght = 238
[2021.06.04 11:20:34.276][ftpmanager.cpp: 107][INFO]: Finish download versionInfoEn.txt file!
[2021.06.04 11:20:34.276][autoupdaterui.cpp: 479][INFO]: It is success that download updater.xml, versionInfoCh.txt and versionInfoEn.txt
[2021.06.04 11:20:34.276][autoupdater.cpp: 176][INFO]: Local xml: E:/anycubic/anycubic_project/updater/src/AutoUpdater/debug/updater.xml
[2021.06.04 11:20:34.277][autoupdater.cpp: 177][INFO]: Download xml: E:/anycubic/anycubic_project/updater/src/AutoUpdater/debug/download/updater.xml
[2021.06.04 11:20:34.279][autoupdater.cpp: 214][INFO]: Old version path: E:/anycubic/anycubic_project/updater/src/AutoUpdater/debug
[2021.06.04 11:20:34.279][autoupdater.cpp: 217][INFO]: Old version: V0.0, New version V3.0
[2021.06.04 11:20:34.279][autoupdater.cpp: 226][INFO]: Server version is updater, need to update!
[2021.06.04 11:20:34.280][autoupdaterui.cpp: 337][INFO]: Update UI
[2021.06.04 11:20:34.287][autoupdater.cpp: 295][INFO]: Load: AutoUpdater.exe file, and directory is: ./
[2021.06.04 11:20:34.287][autoupdater.cpp: 295][INFO]: Load: AutoUpdateTest.exe file, and directory is: ./
[2021.06.04 11:20:34.287][autoupdater.cpp: 295][INFO]: Load: D3Dcompiler_47.dll file, and directory is: ./
[2021.06.04 11:20:34.287][autoupdater.cpp: 295][INFO]: Load: libEGL.dll file, and directory is: ./
[2021.06.04 11:20:34.287][autoupdater.cpp: 295][INFO]: Load: libGLESV2.dll file, and directory is: ./
[2021.06.04 11:20:34.288][autoupdater.cpp: 295][INFO]: Load: opengl32sw.dll file, and directory is: ./
[2021.06.04 11:20:34.288][autoupdater.cpp: 295][INFO]: Load: Qt5Core.dll file, and directory is: ./
[2021.06.04 11:20:34.288][autoupdater.cpp: 295][INFO]: Load: Qt5Gui.dll file, and directory is: ./
[2021.06.04 11:20:34.288][autoupdater.cpp: 295][INFO]: Load: Qt5Network.dll file, and directory is: ./
[2021.06.04 11:20:34.288][autoupdater.cpp: 295][INFO]: Load: Qt5Svg.dll file, and directory is: ./
[2021.06.04 11:20:34.289][autoupdater.cpp: 295][INFO]: Load: Qt5Widgets.dll file, and directory is: ./
[2021.06.04 11:20:34.289][autoupdater.cpp: 295][INFO]: Load: Qt5Xml.dll file, and directory is: ./
[2021.06.04 11:20:34.289][autoupdater.cpp: 295][INFO]: Load: updater.xml file, and directory is: ./
[2021.06.04 11:20:34.289][autoupdater.cpp: 295][INFO]: Load: versionInfoCh.txt file, and directory is: ./
[2021.06.04 11:20:34.289][autoupdater.cpp: 295][INFO]: Load: versionInfoEn.txt file, and directory is: ./
[2021.06.04 11:20:34.290][autoupdater.cpp: 295][INFO]: Load: qgenericbearer.dll file, and directory is: /bearer
[2021.06.04 11:20:34.290][autoupdater.cpp: 295][INFO]: Load: qsvgicon.dll file, and directory is: /iconengines
[2021.06.04 11:20:34.290][autoupdater.cpp: 295][INFO]: Load: qgif.dll file, and directory is: /imageformats
[2021.06.04 11:20:34.290][autoupdater.cpp: 295][INFO]: Load: qicns.dll file, and directory is: /imageformats
[2021.06.04 11:20:34.290][autoupdater.cpp: 295][INFO]: Load: qico.dll file, and directory is: /imageformats
[2021.06.04 11:20:34.291][autoupdater.cpp: 295][INFO]: Load: qjpeg.dll file, and directory is: /imageformats
[2021.06.04 11:20:34.291][autoupdater.cpp: 295][INFO]: Load: qsvg.dll file, and directory is: /imageformats
[2021.06.04 11:20:34.291][autoupdater.cpp: 295][INFO]: Load: qtga.dll file, and directory is: /imageformats
[2021.06.04 11:20:34.291][autoupdater.cpp: 295][INFO]: Load: qtiff.dll file, and directory is: /imageformats
[2021.06.04 11:20:34.291][autoupdater.cpp: 295][INFO]: Load: qwbmp.dll file, and directory is: /imageformats
[2021.06.04 11:20:34.291][autoupdater.cpp: 295][INFO]: Load: qwebp.dll file, and directory is: /imageformats
[2021.06.04 11:20:34.292][autoupdater.cpp: 295][INFO]: Load: qwindows.dll file, and directory is: /platforms
[2021.06.04 11:20:34.292][autoupdater.cpp: 295][INFO]: Load: qwindowsvistastyle.dll file, and directory is: /styles
[2021.06.04 11:20:34.292][autoupdater.cpp: 295][INFO]: Load: qt_ar.qm file, and directory is: /translations
[2021.06.04 11:20:34.292][autoupdater.cpp: 295][INFO]: Load: qt_bg.qm file, and directory is: /translations
[2021.06.04 11:20:34.292][autoupdater.cpp: 295][INFO]: Load: qt_ca.qm file, and directory is: /translations
[2021.06.04 11:20:34.293][autoupdater.cpp: 295][INFO]: Load: qt_cs.qm file, and directory is: /translations
[2021.06.04 11:20:34.293][autoupdater.cpp: 295][INFO]: Load: qt_da.qm file, and directory is: /translations
[2021.06.04 11:20:34.293][autoupdater.cpp: 295][INFO]: Load: qt_de.qm file, and directory is: /translations
[2021.06.04 11:20:34.293][autoupdater.cpp: 295][INFO]: Load: qt_es.qm file, and directory is: /translations
[2021.06.04 11:20:34.293][autoupdater.cpp: 295][INFO]: Load: qt_fi.qm file, and directory is: /translations
[2021.06.04 11:20:34.293][autoupdater.cpp: 295][INFO]: Load: qt_fr.qm file, and directory is: /translations
[2021.06.04 11:20:34.294][autoupdater.cpp: 295][INFO]: Load: qt_gd.qm file, and directory is: /translations
[2021.06.04 11:20:34.294][autoupdater.cpp: 295][INFO]: Load: qt_he.qm file, and directory is: /translations
[2021.06.04 11:20:34.294][autoupdater.cpp: 295][INFO]: Load: qt_hu.qm file, and directory is: /translations
[2021.06.04 11:20:34.294][autoupdater.cpp: 295][INFO]: Load: qt_it.qm file, and directory is: /translations
[2021.06.04 11:20:34.294][autoupdater.cpp: 295][INFO]: Load: qt_ja.qm file, and directory is: /translations
[2021.06.04 11:20:34.295][autoupdater.cpp: 295][INFO]: Load: qt_ko.qm file, and directory is: /translations
[2021.06.04 11:20:34.295][autoupdater.cpp: 295][INFO]: Load: qt_lv.qm file, and directory is: /translations
[2021.06.04 11:20:34.295][autoupdater.cpp: 295][INFO]: Load: qt_pl.qm file, and directory is: /translations
[2021.06.04 11:20:34.295][autoupdater.cpp: 295][INFO]: Load: qt_ru.qm file, and directory is: /translations
[2021.06.04 11:20:34.295][autoupdater.cpp: 295][INFO]: Load: qt_sk.qm file, and directory is: /translations
[2021.06.04 11:20:34.296][autoupdater.cpp: 295][INFO]: Load: qt_uk.qm file, and directory is: /translations
[2021.06.04 11:20:34.296][autoupdater.cpp: 302][INFO]: Load update files over.
