e:\anycubic\anycubic\probation\project\src\autoupdater\release\qrc_qt_language.obj
e:\anycubic\anycubic\probation\project\src\autoupdater\release\qrc_icon.obj
e:\anycubic\anycubic\probation\project\src\autoupdater\release\moc_updatelog.obj
e:\anycubic\anycubic\probation\project\src\autoupdater\release\moc_ftpmanager.obj
e:\anycubic\anycubic\probation\project\src\autoupdater\release\moc_autoupdaterui.obj
e:\anycubic\anycubic\probation\project\src\autoupdater\release\moc_autoupdater.obj
e:\anycubic\anycubic\probation\project\src\autoupdater\release\xmlparser.obj
e:\anycubic\anycubic\probation\project\src\autoupdater\release\updatelog.obj
e:\anycubic\anycubic\probation\project\src\autoupdater\release\main.obj
e:\anycubic\anycubic\probation\project\src\autoupdater\release\ftpmanager.obj
e:\anycubic\anycubic\probation\project\src\autoupdater\release\filemanager.obj
e:\anycubic\anycubic\probation\project\src\autoupdater\release\autoupdaterui.obj
e:\anycubic\anycubic\probation\project\src\autoupdater\release\autoupdater.obj
e:\anycubic\anycubic\probation\project\src\autoupdater\release\moc_autoupdater.cpp
e:\anycubic\anycubic\probation\project\src\autoupdater\release\moc_autoupdaterui.cpp
e:\anycubic\anycubic\probation\project\src\autoupdater\release\moc_ftpmanager.cpp
e:\anycubic\anycubic\probation\project\src\autoupdater\release\moc_updatelog.cpp
e:\anycubic\anycubic\probation\project\src\autoupdater\release\moc_predefs.h
e:\anycubic\anycubic\probation\project\src\autoupdater\ui_mainwindow.h
e:\anycubic\anycubic\probation\project\src\autoupdater\release\qrc_icon.cpp
e:\anycubic\anycubic\probation\project\src\autoupdater\release\qrc_qt_language.cpp
e:\anycubic\anycubic\probation\project\src\autoupdater\release\autoupdater.exe
e:\anycubic\anycubic\probation\project\src\autoupdater\release\autoupdater.tlog\cl.command.1.tlog
e:\anycubic\anycubic\probation\project\src\autoupdater\release\autoupdater.tlog\cl.read.1.tlog
e:\anycubic\anycubic\probation\project\src\autoupdater\release\autoupdater.tlog\cl.write.1.tlog
e:\anycubic\anycubic\probation\project\src\autoupdater\release\autoupdater.tlog\custombuild.command.1.tlog
e:\anycubic\anycubic\probation\project\src\autoupdater\release\autoupdater.tlog\custombuild.read.1.tlog
e:\anycubic\anycubic\probation\project\src\autoupdater\release\autoupdater.tlog\custombuild.write.1.tlog
e:\anycubic\anycubic\probation\project\src\autoupdater\release\autoupdater.tlog\link.command.1.tlog
e:\anycubic\anycubic\probation\project\src\autoupdater\release\autoupdater.tlog\link.read.1.tlog
e:\anycubic\anycubic\probation\project\src\autoupdater\release\autoupdater.tlog\link.write.1.tlog
