  Generate moc_predefs.h
  UIC mainwindow.ui
  RCC icon.qrc
  RCC qt_language.qrc
  MOC autoupdater.h
  MOC autoupdaterui.h
  MOC ftpmanager.h
  MOC updatelog.h
  autoresize.cpp
  autoupdater.cpp
  autoupdaterui.cpp
  filemanager.cpp
  ftpmanager.cpp
  main.cpp
  updatelog.cpp
  xmlparser.cpp
  moc_autoupdater.cpp
  moc_autoupdaterui.cpp
  moc_ftpmanager.cpp
  moc_updatelog.cpp
  qrc_icon.cpp
  qrc_qt_language.cpp
  正在生成代码...
  AutoUpdater.vcxproj -> E:\anycubic\anycubic_project\updater\src\AutoUpdater\release\AutoUpdater.exe
