  Generate moc_predefs.h
  UIC mainwindow.ui
  RCC icon.qrc
  RCC qt_language.qrc
  MOC errorstack.h
  MOC ftpmanager.h
  MOC log.h
  MOC updater.h
  MOC updaterui.h
  autoresize.cpp
  errorstack.cpp
  ftpmanager.cpp
  log.cpp
  main.cpp
  updater.cpp
  updaterui.cpp
  xmlparser.cpp
  moc_errorstack.cpp
  moc_ftpmanager.cpp
  moc_log.cpp
  moc_updater.cpp
  moc_updaterui.cpp
  qrc_icon.cpp
  qrc_qt_language.cpp
  正在生成代码...
  AutoUpdater.vcxproj -> E:\anycubic\anycubic_project\updater\src\AutoUpdater\x64\Debug\AutoUpdater.exe
  AutoUpdater.vcxproj -> E:\anycubic\anycubic_project\updater\src\AutoUpdater\x64\Debug\AutoUpdater.pdb (Full PDB)
